[2022-02-25T22:34:04.943Z] Validating found git in: git
[2022-02-25T22:34:05.751Z] Using git 2.25.1 from git
[2022-02-25T22:34:06.085Z] > git rev-parse --git-dir [24ms]
[2022-02-25T22:34:06.132Z] Open repository: /opt/lampp/htdocs/Laravel/adenTime
[2022-02-25T22:34:07.127Z] > git symbolic-ref --short HEAD [13ms]
[2022-02-25T22:34:07.164Z] > git for-each-ref --format=%(refname)%00%(upstream:short)%00%(objectname)%00%(upstream:track) refs/heads/master refs/remotes/master [12ms]
[2022-02-25T22:34:07.249Z] > git for-each-ref --sort -committerdate --format %(refname) %(objectname) %(*objectname) [60ms]
[2022-02-25T22:34:07.287Z] > git remote --verbose [48ms]
[2022-02-25T22:34:09.041Z] > git config --get commit.template [1643ms]
[2022-02-25T22:34:12.114Z] > git symbolic-ref --short HEAD [6ms]
[2022-02-25T22:34:12.141Z] > git for-each-ref --format=%(refname)%00%(upstream:short)%00%(objectname)%00%(upstream:track) refs/heads/master refs/remotes/master [6ms]
[2022-02-25T22:34:12.202Z] > git remote --verbose [5ms]
[2022-02-25T22:34:12.204Z] > git for-each-ref --sort -committerdate --format %(refname) %(objectname) %(*objectname) [35ms]
[2022-02-25T22:34:12.258Z] > git config --get commit.template [6ms]
[2022-02-25T22:34:17.371Z] > git symbolic-ref --short HEAD [7ms]
[2022-02-25T22:34:17.401Z] > git for-each-ref --format=%(refname)%00%(upstream:short)%00%(objectname)%00%(upstream:track) refs/heads/master refs/remotes/master [6ms]
[2022-02-25T22:34:17.470Z] > git for-each-ref --sort -committerdate --format %(refname) %(objectname) %(*objectname) [38ms]
[2022-02-25T22:34:17.474Z] > git remote --verbose [9ms]
[2022-02-25T22:34:17.555Z] > git config --get commit.template [23ms]
[2022-02-25T22:34:22.686Z] > git symbolic-ref --short HEAD [12ms]
[2022-02-25T22:34:22.729Z] > git for-each-ref --format=%(refname)%00%(upstream:short)%00%(objectname)%00%(upstream:track) refs/heads/master refs/remotes/master [12ms]
[2022-02-25T22:34:22.806Z] > git for-each-ref --sort -committerdate --format %(refname) %(objectname) %(*objectname) [47ms]
[2022-02-25T22:34:22.814Z] > git remote --verbose [14ms]
[2022-02-25T22:34:22.901Z] > git config --get commit.template [12ms]
[2022-02-25T22:34:26.922Z] > git ls-files --stage -- /opt/lampp/htdocs/Laravel/adenTime/app/Http/Controllers/DashboardController.php [220ms]
[2022-02-25T22:34:26.968Z] > git cat-file -s a88e6cf50ddc88097d62dfac487e24630488b3a5 [16ms]
[2022-02-25T22:34:28.727Z] > git symbolic-ref --short HEAD [12ms]
[2022-02-25T22:34:28.774Z] > git for-each-ref --format=%(refname)%00%(upstream:short)%00%(objectname)%00%(upstream:track) refs/heads/master refs/remotes/master [14ms]
[2022-02-25T22:34:28.847Z] > git for-each-ref --sort -committerdate --format %(refname) %(objectname) %(*objectname) [41ms]
[2022-02-25T22:34:28.864Z] > git remote --verbose [21ms]
[2022-02-25T22:34:28.965Z] > git config --get commit.template [10ms]
[2022-02-25T22:34:34.113Z] > git symbolic-ref --short HEAD [6ms]
[2022-02-25T22:34:34.146Z] > git for-each-ref --format=%(refname)%00%(upstream:short)%00%(objectname)%00%(upstream:track) refs/heads/master refs/remotes/master [3ms]
[2022-02-25T22:34:34.194Z] > git for-each-ref --sort -committerdate --format %(refname) %(objectname) %(*objectname) [25ms]
[2022-02-25T22:34:34.197Z] > git remote --verbose [7ms]
[2022-02-25T22:34:34.266Z] > git config --get commit.template [7ms]
[2022-02-25T22:34:39.399Z] > git symbolic-ref --short HEAD [3ms]
[2022-02-25T22:34:39.427Z] > git for-each-ref --format=%(refname)%00%(upstream:short)%00%(objectname)%00%(upstream:track) refs/heads/master refs/remotes/master [6ms]
[2022-02-25T22:34:39.481Z] > git remote --verbose [3ms]
[2022-02-25T22:34:39.482Z] > git for-each-ref --sort -committerdate --format %(refname) %(objectname) %(*objectname) [33ms]
[2022-02-25T22:34:39.551Z] > git config --get commit.template [24ms]
[2022-02-25T22:34:44.737Z] > git symbolic-ref --short HEAD [16ms]
[2022-02-25T22:34:44.777Z] > git for-each-ref --format=%(refname)%00%(upstream:short)%00%(objectname)%00%(upstream:track) refs/heads/master refs/remotes/master [15ms]
[2022-02-25T22:34:44.833Z] > git for-each-ref --sort -committerdate --format %(refname) %(objectname) %(*objectname) [32ms]
[2022-02-25T22:34:44.858Z] > git remote --verbose [28ms]
[2022-02-25T22:34:45.539Z] > git config --get commit.template [561ms]
[2022-02-25T22:35:05.332Z] > git symbolic-ref --short HEAD [44ms]
[2022-02-25T22:35:05.458Z] > git for-each-ref --format=%(refname)%00%(upstream:short)%00%(objectname)%00%(upstream:track) refs/heads/master refs/remotes/master [38ms]
[2022-02-25T22:35:05.554Z] > git for-each-ref --sort -committerdate --format %(refname) %(objectname) %(*objectname) [37ms]
[2022-02-25T22:35:05.564Z] > git remote --verbose [14ms]
[2022-02-25T22:35:06.464Z] > git config --get commit.template [794ms]
[2022-02-25T22:35:11.557Z] > git symbolic-ref --short HEAD [5ms]
[2022-02-25T22:35:11.583Z] > git for-each-ref --format=%(refname)%00%(upstream:short)%00%(objectname)%00%(upstream:track) refs/heads/master refs/remotes/master [6ms]
[2022-02-25T22:35:11.631Z] > git remote --verbose [6ms]
[2022-02-25T22:35:11.632Z] > git for-each-ref --sort -committerdate --format %(refname) %(objectname) %(*objectname) [29ms]
[2022-02-25T22:35:11.680Z] > git config --get commit.template [6ms]
[2022-02-25T22:35:16.778Z] > git symbolic-ref --short HEAD [3ms]
[2022-02-25T22:35:16.812Z] > git for-each-ref --format=%(refname)%00%(upstream:short)%00%(objectname)%00%(upstream:track) refs/heads/master refs/remotes/master [12ms]
[2022-02-25T22:35:16.860Z] > git remote --verbose [5ms]
[2022-02-25T22:35:16.861Z] > git for-each-ref --sort -committerdate --format %(refname) %(objectname) %(*objectname) [28ms]
[2022-02-25T22:35:16.915Z] > git config --get commit.template [6ms]
[2022-02-25T22:35:22.029Z] > git symbolic-ref --short HEAD [13ms]
[2022-02-25T22:35:22.087Z] > git for-each-ref --format=%(refname)%00%(upstream:short)%00%(objectname)%00%(upstream:track) refs/heads/master refs/remotes/master [15ms]
[2022-02-25T22:35:22.155Z] > git for-each-ref --sort -committerdate --format %(refname) %(objectname) %(*objectname) [32ms]
[2022-02-25T22:35:22.166Z] > git remote --verbose [15ms]
[2022-02-25T22:35:22.235Z] > git config --get commit.template [9ms]
[2022-02-25T22:35:27.346Z] > git symbolic-ref --short HEAD [5ms]
[2022-02-25T22:35:27.377Z] > git for-each-ref --format=%(refname)%00%(upstream:short)%00%(objectname)%00%(upstream:track) refs/heads/master refs/remotes/master [7ms]
[2022-02-25T22:35:27.426Z] > git for-each-ref --sort -committerdate --format %(refname) %(objectname) %(*objectname) [30ms]
[2022-02-25T22:35:27.428Z] > git remote --verbose [6ms]
[2022-02-25T22:35:27.477Z] > git config --get commit.template [6ms]
[2022-02-25T22:35:32.832Z] > git symbolic-ref --short HEAD [10ms]
[2022-02-25T22:35:32.874Z] > git for-each-ref --format=%(refname)%00%(upstream:short)%00%(objectname)%00%(upstream:track) refs/heads/master refs/remotes/master [16ms]
[2022-02-25T22:35:32.973Z] > git for-each-ref --sort -committerdate --format %(refname) %(objectname) %(*objectname) [44ms]
[2022-02-25T22:35:33.003Z] > git remote --verbose [37ms]
[2022-02-25T22:35:33.116Z] > git config --get commit.template [16ms]
[2022-02-25T22:35:38.235Z] > git symbolic-ref --short HEAD [3ms]
[2022-02-25T22:35:38.276Z] > git for-each-ref --format=%(refname)%00%(upstream:short)%00%(objectname)%00%(upstream:track) refs/heads/master refs/remotes/master [10ms]
[2022-02-25T22:35:38.328Z] > git for-each-ref --sort -committerdate --format %(refname) %(objectname) %(*objectname) [29ms]
[2022-02-25T22:35:38.337Z] > git remote --verbose [12ms]
[2022-02-25T22:35:38.389Z] > git config --get commit.template [7ms]
[2022-02-25T22:35:43.488Z] > git symbolic-ref --short HEAD [4ms]
[2022-02-25T22:35:43.514Z] > git for-each-ref --format=%(refname)%00%(upstream:short)%00%(objectname)%00%(upstream:track) refs/heads/master refs/remotes/master [6ms]
[2022-02-25T22:35:43.561Z] > git for-each-ref --sort -committerdate --format %(refname) %(objectname) %(*objectname) [25ms]
[2022-02-25T22:35:43.564Z] > git remote --verbose [8ms]
[2022-02-25T22:35:43.615Z] > git config --get commit.template [6ms]
[2022-02-25T22:35:48.716Z] > git symbolic-ref --short HEAD [6ms]
[2022-02-25T22:35:48.747Z] > git for-each-ref --format=%(refname)%00%(upstream:short)%00%(objectname)%00%(upstream:track) refs/heads/master refs/remotes/master [2ms]
[2022-02-25T22:35:48.797Z] > git for-each-ref --sort -committerdate --format %(refname) %(objectname) %(*objectname) [29ms]
[2022-02-25T22:35:48.804Z] > git remote --verbose [10ms]
[2022-02-25T22:35:48.848Z] > git config --get commit.template [6ms]
[2022-02-25T22:35:53.948Z] > git symbolic-ref --short HEAD [7ms]
[2022-02-25T22:35:53.975Z] > git for-each-ref --format=%(refname)%00%(upstream:short)%00%(objectname)%00%(upstream:track) refs/heads/master refs/remotes/master [7ms]
[2022-02-25T22:35:54.025Z] > git for-each-ref --sort -committerdate --format %(refname) %(objectname) %(*objectname) [29ms]
[2022-02-25T22:35:54.028Z] > git remote --verbose [7ms]
[2022-02-25T22:35:54.081Z] > git config --get commit.template [7ms]
[2022-02-25T22:35:59.177Z] > git symbolic-ref --short HEAD [4ms]
[2022-02-25T22:35:59.216Z] > git for-each-ref --format=%(refname)%00%(upstream:short)%00%(objectname)%00%(upstream:track) refs/heads/master refs/remotes/master [10ms]
[2022-02-25T22:35:59.269Z] > git for-each-ref --sort -committerdate --format %(refname) %(objectname) %(*objectname) [32ms]
[2022-02-25T22:35:59.275Z] > git remote --verbose [9ms]
[2022-02-25T22:35:59.373Z] > git config --get commit.template [45ms]
[2022-02-25T22:36:04.478Z] > git symbolic-ref --short HEAD [2ms]
[2022-02-25T22:36:04.511Z] > git for-each-ref --format=%(refname)%00%(upstream:short)%00%(objectname)%00%(upstream:track) refs/heads/master refs/remotes/master [9ms]
[2022-02-25T22:36:04.559Z] > git for-each-ref --sort -committerdate --format %(refname) %(objectname) %(*objectname) [27ms]
[2022-02-25T22:36:04.566Z] > git remote --verbose [9ms]
[2022-02-25T22:36:04.626Z] > git config --get commit.template [11ms]
[2022-02-25T22:36:09.812Z] > git symbolic-ref --short HEAD [11ms]
[2022-02-25T22:36:09.842Z] > git for-each-ref --format=%(refname)%00%(upstream:short)%00%(objectname)%00%(upstream:track) refs/heads/master refs/remotes/master [8ms]
[2022-02-25T22:36:09.892Z] > git for-each-ref --sort -committerdate --format %(refname) %(objectname) %(*objectname) [29ms]
[2022-02-25T22:36:09.900Z] > git remote --verbose [10ms]
[2022-02-25T22:36:09.999Z] > git config --get commit.template [11ms]
[2022-02-25T22:36:15.219Z] > git symbolic-ref --short HEAD [22ms]
[2022-02-25T22:36:15.280Z] > git for-each-ref --format=%(refname)%00%(upstream:short)%00%(objectname)%00%(upstream:track) refs/heads/master refs/remotes/master [12ms]
[2022-02-25T22:36:15.390Z] > git for-each-ref --sort -committerdate --format %(refname) %(objectname) %(*objectname) [61ms]
[2022-02-25T22:36:15.400Z] > git remote --verbose [16ms]
[2022-02-25T22:36:15.472Z] > git config --get commit.template [6ms]
[2022-02-25T22:36:20.618Z] > git symbolic-ref --short HEAD [15ms]
[2022-02-25T22:36:20.681Z] > git for-each-ref --format=%(refname)%00%(upstream:short)%00%(objectname)%00%(upstream:track) refs/heads/master refs/remotes/master [17ms]
[2022-02-25T22:36:20.759Z] > git for-each-ref --sort -committerdate --format %(refname) %(objectname) %(*objectname) [47ms]
[2022-02-25T22:36:20.781Z] > git remote --verbose [24ms]
[2022-02-25T22:36:21.431Z] > git config --get commit.template [520ms]
[2022-02-25T22:36:26.537Z] > git symbolic-ref --short HEAD [4ms]
[2022-02-25T22:36:26.565Z] > git for-each-ref --format=%(refname)%00%(upstream:short)%00%(objectname)%00%(upstream:track) refs/heads/master refs/remotes/master [6ms]
[2022-02-25T22:36:26.623Z] > git remote --verbose [3ms]
[2022-02-25T22:36:26.624Z] > git for-each-ref --sort -committerdate --format %(refname) %(objectname) %(*objectname) [36ms]
[2022-02-25T22:36:26.694Z] > git config --get commit.template [6ms]
[2022-02-25T22:36:31.943Z] > git symbolic-ref --short HEAD [7ms]
[2022-02-25T22:36:31.972Z] > git for-each-ref --format=%(refname)%00%(upstream:short)%00%(objectname)%00%(upstream:track) refs/heads/master refs/remotes/master [8ms]
[2022-02-25T22:36:32.025Z] > git for-each-ref --sort -committerdate --format %(refname) %(objectname) %(*objectname) [29ms]
[2022-02-25T22:36:32.028Z] > git remote --verbose [11ms]
[2022-02-25T22:36:32.086Z] > git config --get commit.template [16ms]
[2022-02-25T22:36:37.206Z] > git symbolic-ref --short HEAD [7ms]
[2022-02-25T22:36:37.243Z] > git for-each-ref --format=%(refname)%00%(upstream:short)%00%(objectname)%00%(upstream:track) refs/heads/master refs/remotes/master [9ms]
[2022-02-25T22:36:37.331Z] > git for-each-ref --sort -committerdate --format %(refname) %(objectname) %(*objectname) [58ms]
[2022-02-25T22:36:37.346Z] > git remote --verbose [19ms]
[2022-02-25T22:36:38.293Z] > git config --get commit.template [831ms]
[2022-02-25T22:36:43.405Z] > git symbolic-ref --short HEAD [10ms]
[2022-02-25T22:36:43.431Z] > git for-each-ref --format=%(refname)%00%(upstream:short)%00%(objectname)%00%(upstream:track) refs/heads/master refs/remotes/master [7ms]
[2022-02-25T22:36:43.497Z] > git remote --verbose [19ms]
[2022-02-25T22:36:43.503Z] > git for-each-ref --sort -committerdate --format %(refname) %(objectname) %(*objectname) [49ms]
[2022-02-25T22:36:43.577Z] > git config --get commit.template [1ms]
[2022-02-25T22:36:48.722Z] > git symbolic-ref --short HEAD [7ms]
[2022-02-25T22:36:48.750Z] > git for-each-ref --format=%(refname)%00%(upstream:short)%00%(objectname)%00%(upstream:track) refs/heads/master refs/remotes/master [7ms]
[2022-02-25T22:36:48.817Z] > git for-each-ref --sort -committerdate --format %(refname) %(objectname) %(*objectname) [43ms]
[2022-02-25T22:36:48.843Z] > git remote --verbose [27ms]
[2022-02-25T22:36:49.812Z] > git config --get commit.template [844ms]
[2022-02-25T22:37:09.021Z] > git symbolic-ref --short HEAD [16ms]
[2022-02-25T22:37:09.073Z] > git for-each-ref --format=%(refname)%00%(upstream:short)%00%(objectname)%00%(upstream:track) refs/heads/master refs/remotes/master [7ms]
[2022-02-25T22:37:09.162Z] > git for-each-ref --sort -committerdate --format %(refname) %(objectname) %(*objectname) [47ms]
[2022-02-25T22:37:09.188Z] > git remote --verbose [29ms]
[2022-02-25T22:37:10.880Z] > git config --get commit.template [1491ms]
[2022-02-25T22:37:16.037Z] > git symbolic-ref --short HEAD [16ms]
[2022-02-25T22:37:16.074Z] > git for-each-ref --format=%(refname)%00%(upstream:short)%00%(objectname)%00%(upstream:track) refs/heads/master refs/remotes/master [10ms]
[2022-02-25T22:37:16.140Z] > git for-each-ref --sort -committerdate --format %(refname) %(objectname) %(*objectname) [41ms]
[2022-02-25T22:37:16.151Z] > git remote --verbose [15ms]
[2022-02-25T22:37:17.979Z] > git config --get commit.template [1690ms]
[2022-02-25T22:55:48.145Z] > git symbolic-ref --short HEAD [22ms]
[2022-02-25T22:55:48.235Z] > git for-each-ref --format=%(refname)%00%(upstream:short)%00%(objectname)%00%(upstream:track) refs/heads/master refs/remotes/master [46ms]
[2022-02-25T22:55:48.322Z] > git for-each-ref --sort -committerdate --format %(refname) %(objectname) %(*objectname) [53ms]
[2022-02-25T22:55:48.359Z] > git remote --verbose [40ms]
[2022-02-25T22:55:48.427Z] > git config --get commit.template [6ms]
[2022-02-25T22:55:53.550Z] > git symbolic-ref --short HEAD [4ms]
[2022-02-25T22:55:53.574Z] > git for-each-ref --format=%(refname)%00%(upstream:short)%00%(objectname)%00%(upstream:track) refs/heads/master refs/remotes/master [6ms]
[2022-02-25T22:55:53.617Z] > git for-each-ref --sort -committerdate --format %(refname) %(objectname) %(*objectname) [22ms]
[2022-02-25T22:55:53.619Z] > git remote --verbose [6ms]
[2022-02-25T22:55:53.662Z] > git config --get commit.template [6ms]
[2022-02-25T22:55:58.763Z] > git symbolic-ref --short HEAD [7ms]
[2022-02-25T22:55:58.787Z] > git for-each-ref --format=%(refname)%00%(upstream:short)%00%(objectname)%00%(upstream:track) refs/heads/master refs/remotes/master [3ms]
[2022-02-25T22:55:58.829Z] > git for-each-ref --sort -committerdate --format %(refname) %(objectname) %(*objectname) [21ms]
[2022-02-25T22:55:58.836Z] > git remote --verbose [9ms]
[2022-02-25T22:55:58.880Z] > git config --get commit.template [7ms]
[2022-02-25T22:56:00.373Z] > git ls-files --stage -- /opt/lampp/htdocs/Laravel/adenTime/resources/views/master/nav.blade.php [12ms]
[2022-02-25T22:56:00.423Z] > git cat-file -s 33d961a91e0accc34fadb23efd352c24a64d96e9 [9ms]
[2022-02-25T22:56:03.977Z] > git symbolic-ref --short HEAD [6ms]
[2022-02-25T22:56:04.002Z] > git for-each-ref --format=%(refname)%00%(upstream:short)%00%(objectname)%00%(upstream:track) refs/heads/master refs/remotes/master [5ms]
[2022-02-25T22:56:04.049Z] > git for-each-ref --sort -committerdate --format %(refname) %(objectname) %(*objectname) [25ms]
[2022-02-25T22:56:04.051Z] > git remote --verbose [6ms]
[2022-02-25T22:56:04.095Z] > git config --get commit.template [6ms]
[2022-02-25T22:56:09.189Z] > git symbolic-ref --short HEAD [5ms]
[2022-02-25T22:56:09.216Z] > git for-each-ref --format=%(refname)%00%(upstream:short)%00%(objectname)%00%(upstream:track) refs/heads/master refs/remotes/master [7ms]
[2022-02-25T22:56:09.262Z] > git for-each-ref --sort -committerdate --format %(refname) %(objectname) %(*objectname) [25ms]
[2022-02-25T22:56:09.264Z] > git remote --verbose [6ms]
[2022-02-25T22:56:09.307Z] > git config --get commit.template [6ms]
[2022-02-25T22:56:14.402Z] > git symbolic-ref --short HEAD [8ms]
[2022-02-25T22:56:14.427Z] > git for-each-ref --format=%(refname)%00%(upstream:short)%00%(objectname)%00%(upstream:track) refs/heads/master refs/remotes/master [5ms]
[2022-02-25T22:56:14.471Z] > git for-each-ref --sort -committerdate --format %(refname) %(objectname) %(*objectname) [21ms]
[2022-02-25T22:56:14.477Z] > git remote --verbose [9ms]
[2022-02-25T22:56:14.542Z] > git config --get commit.template [5ms]
[2022-02-25T22:56:19.680Z] > git symbolic-ref --short HEAD [10ms]
[2022-02-25T22:56:19.712Z] > git for-each-ref --format=%(refname)%00%(upstream:short)%00%(objectname)%00%(upstream:track) refs/heads/master refs/remotes/master [12ms]
[2022-02-25T22:56:19.771Z] > git for-each-ref --sort -committerdate --format %(refname) %(objectname) %(*objectname) [33ms]
[2022-02-25T22:56:19.780Z] > git remote --verbose [18ms]
[2022-02-25T22:56:19.910Z] > git config --get commit.template [20ms]
[2022-02-25T22:56:25.025Z] > git symbolic-ref --short HEAD [11ms]
[2022-02-25T22:56:25.054Z] > git for-each-ref --format=%(refname)%00%(upstream:short)%00%(objectname)%00%(upstream:track) refs/heads/master refs/remotes/master [8ms]
[2022-02-25T22:56:25.103Z] > git for-each-ref --sort -committerdate --format %(refname) %(objectname) %(*objectname) [28ms]
[2022-02-25T22:56:25.110Z] > git remote --verbose [10ms]
[2022-02-25T22:56:25.708Z] > git config --get commit.template [515ms]
[2022-02-25T22:56:44.411Z] > git symbolic-ref --short HEAD [12ms]
[2022-02-25T22:56:44.441Z] > git for-each-ref --format=%(refname)%00%(upstream:short)%00%(objectname)%00%(upstream:track) refs/heads/master refs/remotes/master [8ms]
[2022-02-25T22:56:44.489Z] > git for-each-ref --sort -committerdate --format %(refname) %(objectname) %(*objectname) [27ms]
[2022-02-25T22:56:44.495Z] > git remote --verbose [9ms]
[2022-02-25T22:56:44.535Z] > git config --get commit.template [6ms]
[2022-02-25T22:56:49.640Z] > git symbolic-ref --short HEAD [5ms]
[2022-02-25T22:56:49.663Z] > git for-each-ref --format=%(refname)%00%(upstream:short)%00%(objectname)%00%(upstream:track) refs/heads/master refs/remotes/master [5ms]
[2022-02-25T22:56:49.707Z] > git for-each-ref --sort -committerdate --format %(refname) %(objectname) %(*objectname) [24ms]
[2022-02-25T22:56:49.709Z] > git remote --verbose [7ms]
[2022-02-25T22:56:49.762Z] > git config --get commit.template [6ms]
[2022-02-25T22:56:54.864Z] > git symbolic-ref --short HEAD [11ms]
[2022-02-25T22:56:54.890Z] > git for-each-ref --format=%(refname)%00%(upstream:short)%00%(objectname)%00%(upstream:track) refs/heads/master refs/remotes/master [5ms]
[2022-02-25T22:56:54.938Z] > git for-each-ref --sort -committerdate --format %(refname) %(objectname) %(*objectname) [25ms]
[2022-02-25T22:56:54.940Z] > git remote --verbose [5ms]
[2022-02-25T22:56:55.000Z] > git config --get commit.template [6ms]
[2022-02-25T22:57:00.107Z] > git symbolic-ref --short HEAD [5ms]
[2022-02-25T22:57:00.134Z] > git for-each-ref --format=%(refname)%00%(upstream:short)%00%(objectname)%00%(upstream:track) refs/heads/master refs/remotes/master [6ms]
[2022-02-25T22:57:00.185Z] > git for-each-ref --sort -committerdate --format %(refname) %(objectname) %(*objectname) [27ms]
[2022-02-25T22:57:00.187Z] > git remote --verbose [7ms]
[2022-02-25T22:57:00.247Z] > git config --get commit.template [6ms]
[2022-02-25T22:58:10.460Z] > git symbolic-ref --short HEAD [8ms]
[2022-02-25T22:58:10.495Z] > git for-each-ref --format=%(refname)%00%(upstream:short)%00%(objectname)%00%(upstream:track) refs/heads/master refs/remotes/master [9ms]
[2022-02-25T22:58:10.591Z] > git for-each-ref --sort -committerdate --format %(refname) %(objectname) %(*objectname) [50ms]
[2022-02-25T22:58:10.603Z] > git remote --verbose [17ms]
[2022-02-25T22:58:10.710Z] > git config --get commit.template [13ms]
[2022-02-25T22:58:15.813Z] > git symbolic-ref --short HEAD [8ms]
[2022-02-25T22:58:15.844Z] > git for-each-ref --format=%(refname)%00%(upstream:short)%00%(objectname)%00%(upstream:track) refs/heads/master refs/remotes/master [8ms]
[2022-02-25T22:58:15.892Z] > git for-each-ref --sort -committerdate --format %(refname) %(objectname) %(*objectname) [29ms]
[2022-02-25T22:58:15.899Z] > git remote --verbose [9ms]
[2022-02-25T22:58:15.943Z] > git config --get commit.template [6ms]
[2022-02-25T22:58:21.065Z] > git symbolic-ref --short HEAD [10ms]
[2022-02-25T22:58:21.091Z] > git for-each-ref --format=%(refname)%00%(upstream:short)%00%(objectname)%00%(upstream:track) refs/heads/master refs/remotes/master [6ms]
[2022-02-25T22:58:21.151Z] > git for-each-ref --sort -committerdate --format %(refname) %(objectname) %(*objectname) [35ms]
[2022-02-25T22:58:21.155Z] > git remote --verbose [16ms]
[2022-02-25T22:58:21.195Z] > git config --get commit.template [6ms]
[2022-02-25T22:58:26.292Z] > git symbolic-ref --short HEAD [4ms]
[2022-02-25T22:58:26.317Z] > git for-each-ref --format=%(refname)%00%(upstream:short)%00%(objectname)%00%(upstream:track) refs/heads/master refs/remotes/master [6ms]
[2022-02-25T22:58:26.366Z] > git for-each-ref --sort -committerdate --format %(refname) %(objectname) %(*objectname) [28ms]
[2022-02-25T22:58:26.368Z] > git remote --verbose [7ms]
[2022-02-25T22:58:26.409Z] > git config --get commit.template [5ms]
